<?xml version="1.0" encoding="UTF-8"?>
<!-- Generated by org.testng.reporters.JUnitReportReporter -->
<testsuite hostname="DESKTOP-DOD3GUP" failures="0" tests="3" name="com.sgtesting.users.Users" time="0.006" errors="0" timestamp="2023-04-07T08:00:28 IST" skipped="0">
  <testcase classname="com.sgtesting.users.Users" name="createuser" time="0.005"/>
  <system-out/>
  <testcase classname="com.sgtesting.users.Users" name="modifyuser" time="0.000"/>
  <system-out/>
  <testcase classname="com.sgtesting.users.Users" name="deleteuser" time="0.001"/>
  <system-out/>
</testsuite> <!-- com.sgtesting.users.Users -->
