<?xml version="1.0" encoding="UTF-8"?>
<!-- Generated by org.testng.reporters.JUnitReportReporter -->
<testsuite hostname="DESKTOP-DOD3GUP" failures="0" tests="3" name="com.sgtesting.Product.Product" time="0.007" errors="0" timestamp="2023-04-07T08:00:21 IST" skipped="0">
  <testcase classname="com.sgtesting.Product.Product" name="deleteproduct" time="0.005"/>
  <system-out/>
  <testcase classname="com.sgtesting.Product.Product" name="productmodify" time="0.001"/>
  <system-out/>
  <testcase classname="com.sgtesting.Product.Product" name="productUser" time="0.001"/>
  <system-out/>
</testsuite> <!-- com.sgtesting.Product.Product -->
