<?xml version="1.0" encoding="UTF-8"?>
<!-- Generated by org.testng.reporters.JUnitReportReporter -->
<testsuite hostname="DESKTOP-DOD3GUP" failures="0" tests="8" name="com.sgtesting.Assertion.AssertEqualDemo" time="0.007" errors="0" timestamp="2023-03-28T14:07:18 IST" skipped="7">
  <testcase classname="com.sgtesting.Assertion.AssertEqualDemo" name="assertnotsameTesting" time="0.007"/>
  <system-out/>
  <testcase classname="com.sgtesting.Assertion.AssertEqualDemo" name="asserttruetesting">
    <skipped/>
  </testcase> <!-- asserttruetesting -->
  <system-out/>
  <testcase classname="com.sgtesting.Assertion.AssertEqualDemo" name="assertequalsTestng">
    <skipped/>
  </testcase> <!-- assertequalsTestng -->
  <system-out/>
  <testcase classname="com.sgtesting.Assertion.AssertEqualDemo" name="assertnotnull">
    <skipped/>
  </testcase> <!-- assertnotnull -->
  <system-out/>
  <testcase classname="com.sgtesting.Assertion.AssertEqualDemo" name="assertnotequalstestng">
    <skipped/>
  </testcase> <!-- assertnotequalstestng -->
  <system-out/>
  <testcase classname="com.sgtesting.Assertion.AssertEqualDemo" name="assertsameTesting">
    <skipped/>
  </testcase> <!-- assertsameTesting -->
  <system-out/>
  <testcase classname="com.sgtesting.Assertion.AssertEqualDemo" name="assertfalsetesting">
    <skipped/>
  </testcase> <!-- assertfalsetesting -->
  <system-out/>
  <testcase classname="com.sgtesting.Assertion.AssertEqualDemo" name="assertnulltesting">
    <skipped/>
  </testcase> <!-- assertnulltesting -->
  <system-out/>
</testsuite> <!-- com.sgtesting.Assertion.AssertEqualDemo -->
